2025-11-23 10:49:04,970 - coinbase_advanced_connector - WARNING - Coinbase credentials not found in .env.coinbase_advanced; using existing environment variables if present
2025-11-23 10:49:04,970 - coinbase_advanced_connector - INFO - ✅ Coinbase Advanced environment loaded
2025-11-23 10:49:04,970 - coinbase_advanced_connector - INFO - 📄 PAPER MODE - Safe simulation only
2025-11-23 10:49:04,970 - coinbase_advanced_connector - INFO - 📄 PAPER CLIENT INITIALIZED
2025-11-23 10:49:04,971 - coinbase_advanced_connector - INFO - ✅ Charter loaded - Max position: $15000
2025-11-23 10:49:31,406 - coinbase_advanced_connector - WARNING - Coinbase credentials not found in .env.coinbase_advanced; using existing environment variables if present
2025-11-23 10:49:31,407 - coinbase_advanced_connector - INFO - ✅ Coinbase Advanced environment loaded
2025-11-23 10:49:31,407 - coinbase_advanced_connector - INFO - 📄 PAPER MODE - Safe simulation only
2025-11-23 10:49:31,407 - coinbase_advanced_connector - INFO - 📄 PAPER CLIENT INITIALIZED
2025-11-23 10:49:31,408 - coinbase_advanced_connector - INFO - ✅ Charter loaded - Max position: $15000
2025-11-23 10:49:48,253 - coinbase_advanced_connector - WARNING - Coinbase credentials not found in .env.coinbase_advanced; using existing environment variables if present
2025-11-23 10:49:48,253 - coinbase_advanced_connector - INFO - ✅ Coinbase Advanced environment loaded
2025-11-23 10:49:48,253 - coinbase_advanced_connector - INFO - 📄 PAPER MODE - Safe simulation only
2025-11-23 10:49:48,253 - coinbase_advanced_connector - INFO - 📄 PAPER CLIENT INITIALIZED
2025-11-23 10:49:48,254 - coinbase_advanced_connector - INFO - ✅ Charter loaded - Max position: $15000
2025-11-23 10:52:27,462 - coinbase_advanced_connector - WARNING - Coinbase credentials not found in .env.coinbase_advanced; using existing environment variables if present
2025-11-23 10:52:27,462 - coinbase_advanced_connector - INFO - ✅ Coinbase Advanced environment loaded
2025-11-23 10:52:27,462 - coinbase_advanced_connector - INFO - 📄 PAPER MODE - Safe simulation only
2025-11-23 10:52:27,462 - coinbase_advanced_connector - INFO - 📄 PAPER CLIENT INITIALIZED
2025-11-23 10:52:27,462 - coinbase_advanced_connector - INFO - ✅ Charter loaded - Max position: $15000
2025-11-23 12:43:10,191 - coinbase_advanced_connector - WARNING - Coinbase credentials not found in .env.coinbase_advanced; using existing environment variables if present
2025-11-23 12:43:10,191 - coinbase_advanced_connector - INFO - ✅ Coinbase Advanced environment loaded
2025-11-23 12:43:10,191 - coinbase_advanced_connector - INFO - 📄 PAPER MODE - Safe simulation only
2025-11-23 12:43:10,191 - coinbase_advanced_connector - INFO - 📄 PAPER CLIENT INITIALIZED
2025-11-23 12:43:10,192 - coinbase_advanced_connector - INFO - ✅ Charter loaded - Max position: $15000
2025-11-23 12:43:22,085 - coinbase_advanced_connector - WARNING - Coinbase credentials not found in .env.coinbase_advanced; using existing environment variables if present
2025-11-23 12:43:22,085 - coinbase_advanced_connector - INFO - ✅ Coinbase Advanced environment loaded
2025-11-23 12:43:22,085 - coinbase_advanced_connector - INFO - 📄 PAPER MODE - Safe simulation only
2025-11-23 12:43:22,085 - coinbase_advanced_connector - INFO - 📄 PAPER CLIENT INITIALIZED
2025-11-23 12:43:22,085 - coinbase_advanced_connector - INFO - ✅ Charter loaded - Max position: $15000
2025-11-23 12:44:36,921 - coinbase_advanced_connector - WARNING - Coinbase credentials not found in .env.coinbase_advanced; using existing environment variables if present
2025-11-23 12:44:36,921 - coinbase_advanced_connector - INFO - ✅ Coinbase Advanced environment loaded
2025-11-23 12:44:36,922 - coinbase_advanced_connector - INFO - 📄 PAPER MODE - Safe simulation only
2025-11-23 12:44:36,922 - coinbase_advanced_connector - INFO - 📄 PAPER CLIENT INITIALIZED
2025-11-23 12:44:36,922 - coinbase_advanced_connector - INFO - ✅ Charter loaded - Max position: $15000
2025-11-23 12:48:25,698 - coinbase_advanced_connector - WARNING - Coinbase credentials not found in .env.coinbase_advanced; using existing environment variables if present
2025-11-23 12:48:25,698 - coinbase_advanced_connector - INFO - ✅ Coinbase Advanced environment loaded
2025-11-23 12:48:25,698 - coinbase_advanced_connector - INFO - 📄 PAPER MODE - Safe simulation only
2025-11-23 12:48:25,698 - coinbase_advanced_connector - INFO - 📄 PAPER CLIENT INITIALIZED
2025-11-23 12:48:25,698 - coinbase_advanced_connector - INFO - ✅ Charter loaded - Max position: $15000
2025-11-23 12:50:00,230 - coinbase_advanced_connector - WARNING - Coinbase credentials not found in .env.coinbase_advanced; using existing environment variables if present
2025-11-23 12:50:00,230 - coinbase_advanced_connector - INFO - ✅ Coinbase Advanced environment loaded
2025-11-23 12:50:00,230 - coinbase_advanced_connector - INFO - 📄 PAPER MODE - Safe simulation only
2025-11-23 12:50:00,230 - coinbase_advanced_connector - INFO - 📄 PAPER CLIENT INITIALIZED
2025-11-23 12:50:00,230 - coinbase_advanced_connector - INFO - ✅ Charter loaded - Max position: $15000
2025-11-23 12:52:06,933 - coinbase_advanced_connector - WARNING - Coinbase credentials not found in .env.coinbase_advanced; using existing environment variables if present
2025-11-23 12:52:06,933 - coinbase_advanced_connector - INFO - ✅ Coinbase Advanced environment loaded
2025-11-23 12:52:06,933 - coinbase_advanced_connector - INFO - 📄 PAPER MODE - Safe simulation only
2025-11-23 12:52:06,933 - coinbase_advanced_connector - INFO - 📄 PAPER CLIENT INITIALIZED
2025-11-23 12:52:06,933 - coinbase_advanced_connector - INFO - ✅ Charter loaded - Max position: $15000
2025-11-23 14:36:36,422 - coinbase_advanced_connector - WARNING - Coinbase credentials not found in .env.coinbase_advanced; using existing environment variables if present
2025-11-23 14:36:36,423 - coinbase_advanced_connector - INFO - ✅ Coinbase Advanced environment loaded
2025-11-23 14:36:36,423 - coinbase_advanced_connector - INFO - 📄 PAPER MODE - Safe simulation only
2025-11-23 14:36:36,423 - coinbase_advanced_connector - INFO - 📄 PAPER CLIENT INITIALIZED
2025-11-23 14:36:36,423 - coinbase_advanced_connector - INFO - ✅ Charter loaded - Max position: $15000
2025-11-23 14:36:43,146 - coinbase_advanced_connector - WARNING - Coinbase credentials not found in .env.coinbase_advanced; using existing environment variables if present
2025-11-23 14:36:43,146 - coinbase_advanced_connector - INFO - ✅ Coinbase Advanced environment loaded
2025-11-23 14:36:43,146 - coinbase_advanced_connector - INFO - 📄 PAPER MODE - Safe simulation only
2025-11-23 14:36:43,146 - coinbase_advanced_connector - INFO - 📄 PAPER CLIENT INITIALIZED
2025-11-23 14:36:43,147 - coinbase_advanced_connector - INFO - ✅ Charter loaded - Max position: $15000
2025-11-23 14:41:27,440 - coinbase_advanced_connector - WARNING - Coinbase credentials not found in .env.coinbase_advanced; using existing environment variables if present
2025-11-23 14:41:27,440 - coinbase_advanced_connector - INFO - ✅ Coinbase Advanced environment loaded
2025-11-23 14:41:27,440 - coinbase_advanced_connector - INFO - 📄 PAPER MODE - Safe simulation only
2025-11-23 14:41:27,440 - coinbase_advanced_connector - INFO - 📄 PAPER CLIENT INITIALIZED
2025-11-23 14:41:27,440 - coinbase_advanced_connector - INFO - ✅ Charter loaded - Max position: $15000
2025-11-23 14:41:55,306 - coinbase_advanced_connector - WARNING - Coinbase credentials not found in .env.coinbase_advanced; using existing environment variables if present
2025-11-23 14:41:55,306 - coinbase_advanced_connector - INFO - ✅ Coinbase Advanced environment loaded
2025-11-23 14:41:55,306 - coinbase_advanced_connector - INFO - 📄 PAPER MODE - Safe simulation only
2025-11-23 14:41:55,306 - coinbase_advanced_connector - INFO - 📄 PAPER CLIENT INITIALIZED
2025-11-23 14:41:55,306 - coinbase_advanced_connector - INFO - ✅ Charter loaded - Max position: $15000
2025-11-23 14:42:34,410 - coinbase_advanced_connector - WARNING - Coinbase credentials not found in .env.coinbase_advanced; using existing environment variables if present
2025-11-23 14:42:34,410 - coinbase_advanced_connector - INFO - ✅ Coinbase Advanced environment loaded
2025-11-23 14:42:34,410 - coinbase_advanced_connector - INFO - 📄 PAPER MODE - Safe simulation only
2025-11-23 14:42:34,410 - coinbase_advanced_connector - INFO - 📄 PAPER CLIENT INITIALIZED
2025-11-23 14:42:34,410 - coinbase_advanced_connector - INFO - ✅ Charter loaded - Max position: $15000
2025-11-23 15:14:56,823 - coinbase_advanced_connector - WARNING - Coinbase credentials not found in .env.coinbase_advanced; using existing environment variables if present
2025-11-23 15:14:56,824 - coinbase_advanced_connector - INFO - ✅ Coinbase Advanced environment loaded
2025-11-23 15:14:56,824 - coinbase_advanced_connector - INFO - 📄 PAPER MODE - Safe simulation only
2025-11-23 15:14:56,824 - coinbase_advanced_connector - INFO - 📄 PAPER CLIENT INITIALIZED
2025-11-23 15:14:56,824 - coinbase_advanced_connector - INFO - ✅ Charter loaded - Max position: $15000
2025-11-23 15:23:33,545 - coinbase_advanced_connector - WARNING - Coinbase credentials not found in .env.coinbase_advanced; using existing environment variables if present
2025-11-23 15:23:33,545 - coinbase_advanced_connector - INFO - ✅ Coinbase Advanced environment loaded
2025-11-23 15:23:33,545 - coinbase_advanced_connector - INFO - 📄 PAPER MODE - Safe simulation only
2025-11-23 15:23:33,545 - coinbase_advanced_connector - INFO - 📄 PAPER CLIENT INITIALIZED
2025-11-23 15:23:33,546 - coinbase_advanced_connector - INFO - ✅ Charter loaded - Max position: $15000
2025-11-23 15:24:06,539 - coinbase_advanced_connector - WARNING - Coinbase credentials not found in .env.coinbase_advanced; using existing environment variables if present
2025-11-23 15:24:06,539 - coinbase_advanced_connector - INFO - ✅ Coinbase Advanced environment loaded
2025-11-23 15:24:06,539 - coinbase_advanced_connector - INFO - 📄 PAPER MODE - Safe simulation only
2025-11-23 15:24:06,539 - coinbase_advanced_connector - INFO - 📄 PAPER CLIENT INITIALIZED
2025-11-23 15:24:06,539 - coinbase_advanced_connector - INFO - ✅ Charter loaded - Max position: $15000
2025-11-23 15:26:50,294 - coinbase_advanced_connector - WARNING - Coinbase credentials not found in .env.coinbase_advanced; using existing environment variables if present
2025-11-23 15:26:50,294 - coinbase_advanced_connector - INFO - ✅ Coinbase Advanced environment loaded
2025-11-23 15:26:50,294 - coinbase_advanced_connector - INFO - 📄 PAPER MODE - Safe simulation only
2025-11-23 15:26:50,294 - coinbase_advanced_connector - INFO - 📄 PAPER CLIENT INITIALIZED
2025-11-23 15:26:50,294 - coinbase_advanced_connector - INFO - ✅ Charter loaded - Max position: $15000
2025-11-23 15:29:29,967 - coinbase_advanced_connector - WARNING - Coinbase credentials not found in .env.coinbase_advanced; using existing environment variables if present
2025-11-23 15:29:29,968 - coinbase_advanced_connector - INFO - ✅ Coinbase Advanced environment loaded
2025-11-23 15:29:29,968 - coinbase_advanced_connector - INFO - 📄 PAPER MODE - Safe simulation only
2025-11-23 15:29:29,968 - coinbase_advanced_connector - INFO - 📄 PAPER CLIENT INITIALIZED
2025-11-23 15:29:29,968 - coinbase_advanced_connector - INFO - ✅ Charter loaded - Max position: $15000
2025-11-23 15:31:18,085 - coinbase_advanced_connector - WARNING - Coinbase credentials not found in .env.coinbase_advanced; using existing environment variables if present
2025-11-23 15:31:18,085 - coinbase_advanced_connector - INFO - ✅ Coinbase Advanced environment loaded
2025-11-23 15:31:18,085 - coinbase_advanced_connector - INFO - 📄 PAPER MODE - Safe simulation only
2025-11-23 15:31:18,085 - coinbase_advanced_connector - INFO - 📄 PAPER CLIENT INITIALIZED
2025-11-23 15:31:18,085 - coinbase_advanced_connector - INFO - ✅ Charter loaded - Max position: $15000
2025-11-23 15:33:00,963 - coinbase_advanced_connector - WARNING - Coinbase credentials not found in .env.coinbase_advanced; using existing environment variables if present
2025-11-23 15:33:00,963 - coinbase_advanced_connector - INFO - ✅ Coinbase Advanced environment loaded
2025-11-23 15:33:00,963 - coinbase_advanced_connector - INFO - 📄 PAPER MODE - Safe simulation only
2025-11-23 15:33:00,963 - coinbase_advanced_connector - INFO - 📄 PAPER CLIENT INITIALIZED
2025-11-23 15:33:00,963 - coinbase_advanced_connector - INFO - ✅ Charter loaded - Max position: $15000
2025-11-23 15:34:04,064 - coinbase_advanced_connector - WARNING - Coinbase credentials not found in .env.coinbase_advanced; using existing environment variables if present
2025-11-23 15:34:04,064 - coinbase_advanced_connector - INFO - ✅ Coinbase Advanced environment loaded
2025-11-23 15:34:04,064 - coinbase_advanced_connector - INFO - 📄 PAPER MODE - Safe simulation only
2025-11-23 15:34:04,064 - coinbase_advanced_connector - INFO - 📄 PAPER CLIENT INITIALIZED
2025-11-23 15:34:04,064 - coinbase_advanced_connector - INFO - ✅ Charter loaded - Max position: $15000
2025-11-23 17:41:15,246 - coinbase_advanced_connector - WARNING - Coinbase credentials not found in .env.coinbase_advanced; using existing environment variables if present
2025-11-23 17:41:15,246 - coinbase_advanced_connector - INFO - ✅ Coinbase Advanced environment loaded
2025-11-23 17:41:15,246 - coinbase_advanced_connector - INFO - 📄 PAPER MODE - Safe simulation only
2025-11-23 17:41:15,246 - coinbase_advanced_connector - INFO - 📄 PAPER CLIENT INITIALIZED
2025-11-23 17:41:15,246 - coinbase_advanced_connector - INFO - ✅ Charter loaded - Max position: $15000
2025-12-03 15:36:58,619 - coinbase_advanced_connector - WARNING - Coinbase credentials not found in .env.coinbase_advanced; using existing environment variables if present
2025-12-03 15:36:58,621 - coinbase_advanced_connector - INFO - ✅ Coinbase Advanced environment loaded
2025-12-03 15:36:58,621 - coinbase_advanced_connector - INFO - 🔴 LIVE MODE AUTHORIZED - Real money trading enabled
2025-12-03 15:36:58,621 - coinbase_advanced_connector - INFO - 🔴 LIVE CLIENT INITIALIZED
2025-12-03 15:36:58,622 - coinbase_advanced_connector - INFO - ✅ Charter loaded - Max position: $10000
2025-12-03 15:36:58,622 - coinbase_advanced_connector - ERROR - Failed to get account info: 'NoneType' object has no attribute 'list_accounts'
2025-12-03 15:37:03,934 - coinbase_advanced_connector - WARNING - Coinbase credentials not found in .env.coinbase_advanced; using existing environment variables if present
2025-12-03 15:37:03,934 - coinbase_advanced_connector - INFO - ✅ Coinbase Advanced environment loaded
2025-12-03 15:37:03,934 - coinbase_advanced_connector - INFO - 🔴 LIVE MODE AUTHORIZED - Real money trading enabled
2025-12-03 15:37:03,934 - coinbase_advanced_connector - INFO - 🔴 LIVE CLIENT INITIALIZED
2025-12-03 15:37:03,935 - coinbase_advanced_connector - INFO - ✅ Charter loaded - Max position: $10000
2025-12-03 15:37:03,935 - coinbase_advanced_connector - INFO - CANARY/DRY-RUN: place_order BTC-USD BUY 1000.0
2025-12-14 23:13:58,705 - coinbase_advanced_connector - WARNING - Coinbase credentials not found in .env.coinbase_advanced; using existing environment variables if present
2025-12-14 23:13:58,705 - coinbase_advanced_connector - INFO - ✅ Coinbase Advanced environment loaded
2025-12-14 23:13:58,705 - coinbase_advanced_connector - INFO - 📄 PAPER MODE - Safe simulation only
2025-12-14 23:13:58,705 - coinbase_advanced_connector - INFO - 📄 PAPER CLIENT INITIALIZED
2025-12-14 23:13:58,706 - coinbase_advanced_connector - INFO - ✅ Charter loaded - Max position: $10000
