2025-11-23 09:37:53,540 - parameter_manager - INFO - Parameter 'oanda.environment' changed by initialization: None -> practice
2025-11-23 09:38:00,774 - parameter_manager - INFO - Parameter 'oanda.environment' changed by initialization: None -> practice
2025-11-23 09:44:07,799 - parameter_manager - INFO - Parameter 'oanda.environment' changed by initialization: None -> practice
2025-11-23 10:49:04,973 - parameter_manager - INFO - Parameter 'ibkr.host' changed by test: None -> 127.0.1.2
2025-11-23 10:49:04,973 - parameter_manager - INFO - Parameter 'ibkr.port' changed by test: None -> 7497
2025-11-23 10:49:04,974 - parameter_manager - INFO - Parameter 'ibkr.client_id' changed by test: None -> 2
2025-11-23 10:49:04,974 - parameter_manager - INFO - Parameter 'ibkr.account_id' changed by test: None -> DU123456
2025-11-23 10:49:05,005 - parameter_manager - INFO - Parameter 'oanda.practice.token' changed by test: None -> test_oanda_token
2025-11-23 10:49:05,006 - parameter_manager - INFO - Parameter 'oanda.practice.account_id' changed by test: None -> 101-001-101
2025-11-23 10:49:05,007 - parameter_manager - INFO - Parameter 'oanda.environment' changed by initialization: None -> practice
2025-11-23 10:49:05,007 - parameter_manager - INFO - Parameter 'oanda.environment' changed by initialization: None -> practice
2025-11-23 10:49:31,410 - parameter_manager - INFO - Parameter 'ibkr.host' changed by test: None -> 127.0.1.2
2025-11-23 10:49:31,414 - parameter_manager - INFO - Parameter 'ibkr.port' changed by test: None -> 7497
2025-11-23 10:49:31,414 - parameter_manager - INFO - Parameter 'ibkr.client_id' changed by test: None -> 2
2025-11-23 10:49:31,415 - parameter_manager - INFO - Parameter 'ibkr.account_id' changed by test: None -> DU123456
2025-11-23 10:49:31,416 - parameter_manager - INFO - Parameter 'oanda.practice.token' changed by test: None -> test_oanda_token
2025-11-23 10:49:31,416 - parameter_manager - INFO - Parameter 'oanda.practice.account_id' changed by test: None -> 101-001-101
2025-11-23 10:49:31,417 - parameter_manager - INFO - Parameter 'oanda.environment' changed by initialization: None -> practice
2025-11-23 10:49:31,417 - parameter_manager - INFO - Parameter 'oanda.environment' changed by initialization: None -> practice
2025-11-23 10:49:48,255 - parameter_manager - INFO - Parameter 'ibkr.host' changed by test: None -> 127.0.1.2
2025-11-23 10:49:48,258 - parameter_manager - INFO - Parameter 'ibkr.port' changed by test: None -> 7497
2025-11-23 10:49:48,259 - parameter_manager - INFO - Parameter 'ibkr.client_id' changed by test: None -> 2
2025-11-23 10:49:48,259 - parameter_manager - INFO - Parameter 'ibkr.account_id' changed by test: None -> DU123456
2025-11-23 10:49:48,261 - parameter_manager - INFO - Parameter 'oanda.practice.token' changed by test: None -> test_oanda_token
2025-11-23 10:49:48,261 - parameter_manager - INFO - Parameter 'oanda.practice.account_id' changed by test: None -> 101-001-101
2025-11-23 10:49:48,262 - parameter_manager - INFO - Parameter 'oanda.environment' changed by initialization: None -> practice
2025-11-23 10:49:48,262 - parameter_manager - INFO - Parameter 'oanda.environment' changed by initialization: None -> practice
2025-11-23 10:49:48,265 - parameter_manager - INFO - Parameter 'oanda.environment' changed by initialization: None -> practice
2025-11-23 10:49:48,265 - parameter_manager - INFO - Parameter 'oanda.environment' changed by initialization: None -> practice
2025-11-23 10:49:48,265 - parameter_manager - INFO - Parameter 'oanda.environment' changed by initialization: None -> practice
2025-11-23 10:50:26,777 - parameter_manager - INFO - Parameter 'oanda.environment' changed by initialization: None -> practice
2025-11-23 10:52:23,063 - parameter_manager - INFO - Parameter 'oanda.environment' changed by initialization: None -> practice
2025-11-23 10:52:27,463 - parameter_manager - INFO - Parameter 'ibkr.host' changed by test: None -> 127.0.1.2
2025-11-23 10:52:27,467 - parameter_manager - INFO - Parameter 'ibkr.port' changed by test: None -> 7497
2025-11-23 10:52:27,467 - parameter_manager - INFO - Parameter 'ibkr.client_id' changed by test: None -> 2
2025-11-23 10:52:27,468 - parameter_manager - INFO - Parameter 'ibkr.account_id' changed by test: None -> DU123456
2025-11-23 10:52:27,469 - parameter_manager - INFO - Parameter 'oanda.practice.token' changed by test: None -> test_oanda_token
2025-11-23 10:52:27,470 - parameter_manager - INFO - Parameter 'oanda.practice.account_id' changed by test: None -> 101-001-101
2025-11-23 10:52:27,470 - parameter_manager - INFO - Parameter 'oanda.environment' changed by initialization: None -> practice
2025-11-23 10:52:27,470 - parameter_manager - INFO - Parameter 'oanda.environment' changed by initialization: None -> practice
2025-11-23 10:52:27,473 - parameter_manager - INFO - Parameter 'oanda.environment' changed by initialization: None -> practice
2025-11-23 10:52:27,473 - parameter_manager - INFO - Parameter 'oanda.environment' changed by initialization: None -> practice
2025-11-23 10:52:27,473 - parameter_manager - INFO - Parameter 'oanda.environment' changed by initialization: None -> practice
2025-11-23 12:43:10,193 - parameter_manager - INFO - Parameter 'ibkr.host' changed by test: None -> 127.0.1.2
2025-11-23 12:43:10,194 - parameter_manager - INFO - Parameter 'ibkr.port' changed by test: None -> 7497
2025-11-23 12:43:10,194 - parameter_manager - INFO - Parameter 'ibkr.client_id' changed by test: None -> 2
2025-11-23 12:43:10,194 - parameter_manager - INFO - Parameter 'ibkr.account_id' changed by test: None -> DU123456
2025-11-23 12:43:10,195 - parameter_manager - INFO - Parameter 'oanda.practice.token' changed by test: None -> test_oanda_token
2025-11-23 12:43:10,195 - parameter_manager - INFO - Parameter 'oanda.practice.account_id' changed by test: None -> 101-001-101
2025-11-23 12:43:10,196 - parameter_manager - INFO - Parameter 'oanda.environment' changed by initialization: None -> practice
2025-11-23 12:43:10,196 - parameter_manager - INFO - Parameter 'oanda.environment' changed by initialization: None -> practice
2025-11-23 12:43:10,198 - parameter_manager - INFO - Parameter 'oanda.environment' changed by initialization: None -> practice
2025-11-23 12:43:10,198 - parameter_manager - INFO - Parameter 'oanda.environment' changed by initialization: None -> practice
2025-11-23 12:43:10,198 - parameter_manager - INFO - Parameter 'oanda.environment' changed by initialization: None -> practice
2025-11-23 12:43:22,087 - parameter_manager - INFO - Parameter 'ibkr.host' changed by test: None -> 127.0.1.2
2025-11-23 12:43:22,087 - parameter_manager - INFO - Parameter 'ibkr.port' changed by test: None -> 7497
2025-11-23 12:43:22,087 - parameter_manager - INFO - Parameter 'ibkr.client_id' changed by test: None -> 2
2025-11-23 12:43:22,087 - parameter_manager - INFO - Parameter 'ibkr.account_id' changed by test: None -> DU123456
2025-11-23 12:43:22,088 - parameter_manager - INFO - Parameter 'oanda.practice.token' changed by test: None -> test_oanda_token
2025-11-23 12:43:22,089 - parameter_manager - INFO - Parameter 'oanda.practice.account_id' changed by test: None -> 101-001-101
2025-11-23 12:43:22,089 - parameter_manager - INFO - Parameter 'oanda.environment' changed by initialization: None -> practice
2025-11-23 12:43:22,089 - parameter_manager - INFO - Parameter 'oanda.environment' changed by initialization: None -> practice
2025-11-23 12:43:22,091 - parameter_manager - INFO - Parameter 'oanda.environment' changed by initialization: None -> practice
2025-11-23 12:43:22,091 - parameter_manager - INFO - Parameter 'oanda.environment' changed by initialization: None -> practice
2025-11-23 12:43:22,091 - parameter_manager - INFO - Parameter 'oanda.environment' changed by initialization: None -> practice
2025-11-23 12:44:36,923 - parameter_manager - INFO - Parameter 'ibkr.host' changed by test: None -> 127.0.1.2
2025-11-23 12:44:36,924 - parameter_manager - INFO - Parameter 'ibkr.port' changed by test: None -> 7497
2025-11-23 12:44:36,924 - parameter_manager - INFO - Parameter 'ibkr.client_id' changed by test: None -> 2
2025-11-23 12:44:36,924 - parameter_manager - INFO - Parameter 'ibkr.account_id' changed by test: None -> DU123456
2025-11-23 12:44:36,925 - parameter_manager - INFO - Parameter 'oanda.practice.token' changed by test: None -> test_oanda_token
2025-11-23 12:44:36,925 - parameter_manager - INFO - Parameter 'oanda.practice.account_id' changed by test: None -> 101-001-101
2025-11-23 12:44:36,926 - parameter_manager - INFO - Parameter 'oanda.environment' changed by initialization: None -> practice
2025-11-23 12:44:36,926 - parameter_manager - INFO - Parameter 'oanda.environment' changed by initialization: None -> practice
2025-11-23 12:44:36,928 - parameter_manager - INFO - Parameter 'oanda.environment' changed by initialization: None -> practice
2025-11-23 12:44:36,928 - parameter_manager - INFO - Parameter 'oanda.environment' changed by initialization: None -> practice
2025-11-23 12:44:36,928 - parameter_manager - INFO - Parameter 'oanda.environment' changed by initialization: None -> practice
2025-11-23 12:48:25,699 - parameter_manager - INFO - Parameter 'ibkr.host' changed by test: None -> 127.0.1.2
2025-11-23 12:48:25,700 - parameter_manager - INFO - Parameter 'ibkr.port' changed by test: None -> 7497
2025-11-23 12:48:25,700 - parameter_manager - INFO - Parameter 'ibkr.client_id' changed by test: None -> 2
2025-11-23 12:48:25,700 - parameter_manager - INFO - Parameter 'ibkr.account_id' changed by test: None -> DU123456
2025-11-23 12:48:25,701 - parameter_manager - INFO - Parameter 'oanda.practice.token' changed by test: None -> test_oanda_token
2025-11-23 12:48:25,701 - parameter_manager - INFO - Parameter 'oanda.practice.account_id' changed by test: None -> 101-001-101
2025-11-23 12:48:25,702 - parameter_manager - INFO - Parameter 'oanda.environment' changed by initialization: None -> practice
2025-11-23 12:48:25,702 - parameter_manager - INFO - Parameter 'oanda.environment' changed by initialization: None -> practice
2025-11-23 12:48:25,704 - parameter_manager - INFO - Parameter 'oanda.environment' changed by initialization: None -> practice
2025-11-23 12:48:25,704 - parameter_manager - INFO - Parameter 'oanda.environment' changed by initialization: None -> practice
2025-11-23 12:48:25,704 - parameter_manager - INFO - Parameter 'oanda.environment' changed by initialization: None -> practice
2025-11-23 12:50:00,231 - parameter_manager - INFO - Parameter 'ibkr.host' changed by test: None -> 127.0.1.2
2025-11-23 12:50:00,232 - parameter_manager - INFO - Parameter 'ibkr.port' changed by test: None -> 7497
2025-11-23 12:50:00,232 - parameter_manager - INFO - Parameter 'ibkr.client_id' changed by test: None -> 2
2025-11-23 12:50:00,232 - parameter_manager - INFO - Parameter 'ibkr.account_id' changed by test: None -> DU123456
2025-11-23 12:50:00,233 - parameter_manager - INFO - Parameter 'oanda.practice.token' changed by test: None -> test_oanda_token
2025-11-23 12:50:00,233 - parameter_manager - INFO - Parameter 'oanda.practice.account_id' changed by test: None -> 101-001-101
2025-11-23 12:50:00,234 - parameter_manager - INFO - Parameter 'oanda.environment' changed by initialization: None -> practice
2025-11-23 12:50:00,234 - parameter_manager - INFO - Parameter 'oanda.environment' changed by initialization: None -> practice
2025-11-23 12:50:00,237 - parameter_manager - INFO - Parameter 'oanda.environment' changed by initialization: None -> practice
2025-11-23 12:50:00,237 - parameter_manager - INFO - Parameter 'oanda.environment' changed by initialization: None -> practice
2025-11-23 12:50:00,237 - parameter_manager - INFO - Parameter 'oanda.environment' changed by initialization: None -> practice
2025-11-23 12:52:06,934 - parameter_manager - INFO - Parameter 'ibkr.host' changed by test: None -> 127.0.1.2
2025-11-23 12:52:06,935 - parameter_manager - INFO - Parameter 'ibkr.port' changed by test: None -> 7497
2025-11-23 12:52:06,935 - parameter_manager - INFO - Parameter 'ibkr.client_id' changed by test: None -> 2
2025-11-23 12:52:06,935 - parameter_manager - INFO - Parameter 'ibkr.account_id' changed by test: None -> DU123456
2025-11-23 12:52:06,936 - parameter_manager - INFO - Parameter 'oanda.practice.token' changed by test: None -> test_oanda_token
2025-11-23 12:52:06,936 - parameter_manager - INFO - Parameter 'oanda.practice.account_id' changed by test: None -> 101-001-101
2025-11-23 12:52:06,937 - parameter_manager - INFO - Parameter 'oanda.environment' changed by initialization: None -> practice
2025-11-23 12:52:06,937 - parameter_manager - INFO - Parameter 'oanda.environment' changed by initialization: None -> practice
2025-11-23 12:52:06,938 - parameter_manager - INFO - Parameter 'oanda.environment' changed by initialization: None -> practice
2025-11-23 12:52:06,938 - parameter_manager - INFO - Parameter 'oanda.environment' changed by initialization: None -> practice
2025-11-23 12:52:06,938 - parameter_manager - INFO - Parameter 'oanda.environment' changed by initialization: None -> practice
2025-11-23 14:36:36,424 - parameter_manager - INFO - Parameter 'ibkr.host' changed by test: None -> 127.0.1.2
2025-11-23 14:36:36,425 - parameter_manager - INFO - Parameter 'ibkr.port' changed by test: None -> 7497
2025-11-23 14:36:36,425 - parameter_manager - INFO - Parameter 'ibkr.client_id' changed by test: None -> 2
2025-11-23 14:36:36,426 - parameter_manager - INFO - Parameter 'ibkr.account_id' changed by test: None -> DU123456
2025-11-23 14:36:36,427 - parameter_manager - INFO - Parameter 'oanda.practice.token' changed by test: None -> test_oanda_token
2025-11-23 14:36:36,427 - parameter_manager - INFO - Parameter 'oanda.practice.account_id' changed by test: None -> 101-001-101
2025-11-23 14:36:36,428 - parameter_manager - INFO - Parameter 'oanda.environment' changed by initialization: None -> practice
2025-11-23 14:36:36,428 - parameter_manager - INFO - Parameter 'oanda.environment' changed by initialization: None -> practice
2025-11-23 14:36:36,429 - parameter_manager - INFO - Parameter 'oanda.environment' changed by initialization: None -> practice
2025-11-23 14:36:36,429 - parameter_manager - INFO - Parameter 'oanda.environment' changed by initialization: None -> practice
2025-11-23 14:36:36,429 - parameter_manager - INFO - Parameter 'oanda.environment' changed by initialization: None -> practice
2025-11-23 14:36:43,148 - parameter_manager - INFO - Parameter 'oanda.environment' changed by initialization: None -> practice
2025-11-23 14:41:27,441 - parameter_manager - INFO - Parameter 'ibkr.host' changed by test: None -> 127.0.1.2
2025-11-23 14:41:27,441 - parameter_manager - INFO - Parameter 'ibkr.port' changed by test: None -> 7497
2025-11-23 14:41:27,442 - parameter_manager - INFO - Parameter 'ibkr.client_id' changed by test: None -> 2
2025-11-23 14:41:27,442 - parameter_manager - INFO - Parameter 'ibkr.account_id' changed by test: None -> DU123456
2025-11-23 14:41:27,443 - parameter_manager - INFO - Parameter 'oanda.practice.token' changed by test: None -> test_oanda_token
2025-11-23 14:41:27,444 - parameter_manager - INFO - Parameter 'oanda.practice.account_id' changed by test: None -> 101-001-101
2025-11-23 14:41:27,445 - parameter_manager - INFO - Parameter 'oanda.environment' changed by initialization: None -> practice
2025-11-23 14:41:27,445 - parameter_manager - INFO - Parameter 'oanda.environment' changed by initialization: None -> practice
2025-11-23 14:41:27,448 - parameter_manager - INFO - Parameter 'oanda.environment' changed by initialization: None -> practice
2025-11-23 14:41:27,448 - parameter_manager - INFO - Parameter 'oanda.environment' changed by initialization: None -> practice
2025-11-23 14:41:27,448 - parameter_manager - INFO - Parameter 'oanda.environment' changed by initialization: None -> practice
2025-11-23 14:41:55,307 - parameter_manager - INFO - Parameter 'ibkr.host' changed by test: None -> 127.0.1.2
2025-11-23 14:41:55,308 - parameter_manager - INFO - Parameter 'ibkr.port' changed by test: None -> 7497
2025-11-23 14:41:55,308 - parameter_manager - INFO - Parameter 'ibkr.client_id' changed by test: None -> 2
2025-11-23 14:41:55,308 - parameter_manager - INFO - Parameter 'ibkr.account_id' changed by test: None -> DU123456
2025-11-23 14:41:55,309 - parameter_manager - INFO - Parameter 'oanda.practice.token' changed by test: None -> test_oanda_token
2025-11-23 14:41:55,309 - parameter_manager - INFO - Parameter 'oanda.practice.account_id' changed by test: None -> 101-001-101
2025-11-23 14:41:55,310 - parameter_manager - INFO - Parameter 'oanda.environment' changed by initialization: None -> practice
2025-11-23 14:41:55,310 - parameter_manager - INFO - Parameter 'oanda.environment' changed by initialization: None -> practice
2025-11-23 14:41:55,311 - parameter_manager - INFO - Parameter 'oanda.environment' changed by initialization: None -> practice
2025-11-23 14:41:55,311 - parameter_manager - INFO - Parameter 'oanda.environment' changed by initialization: None -> practice
2025-11-23 14:41:55,311 - parameter_manager - INFO - Parameter 'oanda.environment' changed by initialization: None -> practice
2025-11-23 14:42:34,411 - parameter_manager - INFO - Parameter 'ibkr.host' changed by test: None -> 127.0.1.2
2025-11-23 14:42:34,412 - parameter_manager - INFO - Parameter 'ibkr.port' changed by test: None -> 7497
2025-11-23 14:42:34,412 - parameter_manager - INFO - Parameter 'ibkr.client_id' changed by test: None -> 2
2025-11-23 14:42:34,413 - parameter_manager - INFO - Parameter 'ibkr.account_id' changed by test: None -> DU123456
2025-11-23 14:42:34,414 - parameter_manager - INFO - Parameter 'oanda.practice.token' changed by test: None -> test_oanda_token
2025-11-23 14:42:34,414 - parameter_manager - INFO - Parameter 'oanda.practice.account_id' changed by test: None -> 101-001-101
2025-11-23 14:42:34,415 - parameter_manager - INFO - Parameter 'oanda.environment' changed by initialization: None -> practice
2025-11-23 14:42:34,415 - parameter_manager - INFO - Parameter 'oanda.environment' changed by initialization: None -> practice
2025-11-23 14:42:34,416 - parameter_manager - INFO - Parameter 'oanda.environment' changed by initialization: None -> practice
2025-11-23 14:42:34,416 - parameter_manager - INFO - Parameter 'oanda.environment' changed by initialization: None -> practice
2025-11-23 14:42:34,416 - parameter_manager - INFO - Parameter 'oanda.environment' changed by initialization: None -> practice
2025-11-23 15:14:56,826 - parameter_manager - INFO - Parameter 'ibkr.host' changed by test: None -> 127.0.1.2
2025-11-23 15:14:56,827 - parameter_manager - INFO - Parameter 'ibkr.port' changed by test: None -> 7497
2025-11-23 15:14:56,827 - parameter_manager - INFO - Parameter 'ibkr.client_id' changed by test: None -> 2
2025-11-23 15:14:56,827 - parameter_manager - INFO - Parameter 'ibkr.account_id' changed by test: None -> DU123456
2025-11-23 15:14:56,828 - parameter_manager - INFO - Parameter 'oanda.practice.token' changed by test: None -> test_oanda_token
2025-11-23 15:14:56,828 - parameter_manager - INFO - Parameter 'oanda.practice.account_id' changed by test: None -> 101-001-101
2025-11-23 15:14:56,829 - parameter_manager - INFO - Parameter 'oanda.environment' changed by initialization: None -> practice
2025-11-23 15:14:56,829 - parameter_manager - INFO - Parameter 'oanda.environment' changed by initialization: None -> practice
2025-11-23 15:14:56,830 - parameter_manager - INFO - Parameter 'oanda.environment' changed by initialization: None -> practice
2025-11-23 15:14:56,830 - parameter_manager - INFO - Parameter 'oanda.environment' changed by initialization: None -> practice
2025-11-23 15:14:56,830 - parameter_manager - INFO - Parameter 'oanda.environment' changed by initialization: None -> practice
2025-11-23 15:23:33,547 - parameter_manager - WARNING - Unable to write config to '/home/ing/RICK/RICK_LIVE_CLEAN/rick_clean_live/configs/system_parameters.json': [Errno 13] Permission denied: '/home/ing/RICK/RICK_LIVE_CLEAN/rick_clean_live/configs/system_parameters.json'
2025-11-23 15:23:33,547 - parameter_manager - WARNING - Unable to write config to '/home/ing/RICK/RICK_LIVE_CLEAN/rick_clean_live/configs/system_parameters.json': [Errno 13] Permission denied: '/home/ing/RICK/RICK_LIVE_CLEAN/rick_clean_live/configs/system_parameters.json'
2025-11-23 15:23:33,547 - parameter_manager - WARNING - Unable to write config to '/home/ing/RICK/RICK_LIVE_CLEAN/rick_clean_live/configs/system_parameters.json': [Errno 13] Permission denied: '/home/ing/RICK/RICK_LIVE_CLEAN/rick_clean_live/configs/system_parameters.json'
2025-11-23 15:23:33,547 - parameter_manager - WARNING - Unable to write config to '/home/ing/RICK/RICK_LIVE_CLEAN/rick_clean_live/configs/system_parameters.json': [Errno 13] Permission denied: '/home/ing/RICK/RICK_LIVE_CLEAN/rick_clean_live/configs/system_parameters.json'
2025-11-23 15:23:33,549 - parameter_manager - WARNING - Unable to write config to '/home/ing/RICK/RICK_LIVE_CLEAN/rick_clean_live/configs/system_parameters.json': [Errno 13] Permission denied: '/home/ing/RICK/RICK_LIVE_CLEAN/rick_clean_live/configs/system_parameters.json'
2025-11-23 15:23:33,549 - parameter_manager - WARNING - Unable to write config to '/home/ing/RICK/RICK_LIVE_CLEAN/rick_clean_live/configs/system_parameters.json': [Errno 13] Permission denied: '/home/ing/RICK/RICK_LIVE_CLEAN/rick_clean_live/configs/system_parameters.json'
2025-11-23 15:23:33,549 - parameter_manager - INFO - Parameter 'oanda.environment' changed by initialization: None -> practice
2025-11-23 15:23:33,550 - parameter_manager - INFO - Parameter 'oanda.environment' changed by initialization: None -> practice
2025-11-23 15:24:06,540 - parameter_manager - WARNING - Unable to write config to '/home/ing/RICK/RICK_LIVE_CLEAN/rick_clean_live/configs/system_parameters.json': [Errno 13] Permission denied: '/home/ing/RICK/RICK_LIVE_CLEAN/rick_clean_live/configs/system_parameters.json'
2025-11-23 15:24:06,540 - parameter_manager - WARNING - Unable to write config to '/home/ing/RICK/RICK_LIVE_CLEAN/rick_clean_live/configs/system_parameters.json': [Errno 13] Permission denied: '/home/ing/RICK/RICK_LIVE_CLEAN/rick_clean_live/configs/system_parameters.json'
2025-11-23 15:24:06,540 - parameter_manager - WARNING - Unable to write config to '/home/ing/RICK/RICK_LIVE_CLEAN/rick_clean_live/configs/system_parameters.json': [Errno 13] Permission denied: '/home/ing/RICK/RICK_LIVE_CLEAN/rick_clean_live/configs/system_parameters.json'
2025-11-23 15:24:06,540 - parameter_manager - WARNING - Unable to write config to '/home/ing/RICK/RICK_LIVE_CLEAN/rick_clean_live/configs/system_parameters.json': [Errno 13] Permission denied: '/home/ing/RICK/RICK_LIVE_CLEAN/rick_clean_live/configs/system_parameters.json'
2025-11-23 15:24:06,541 - parameter_manager - WARNING - Unable to write config to '/home/ing/RICK/RICK_LIVE_CLEAN/rick_clean_live/configs/system_parameters.json': [Errno 13] Permission denied: '/home/ing/RICK/RICK_LIVE_CLEAN/rick_clean_live/configs/system_parameters.json'
2025-11-23 15:24:06,541 - parameter_manager - WARNING - Unable to write config to '/home/ing/RICK/RICK_LIVE_CLEAN/rick_clean_live/configs/system_parameters.json': [Errno 13] Permission denied: '/home/ing/RICK/RICK_LIVE_CLEAN/rick_clean_live/configs/system_parameters.json'
2025-11-23 15:24:06,541 - parameter_manager - INFO - Parameter 'oanda.environment' changed by initialization: None -> practice
2025-11-23 15:24:06,543 - parameter_manager - INFO - Parameter 'oanda.environment' changed by initialization: None -> practice
2025-11-23 15:24:08,686 - parameter_manager - WARNING - Config directory '/home/ing/RICK/RICK_LIVE_CLEAN/oanda/brokers/../config' does not exist and could not be created; skipping config save.
2025-11-23 15:26:50,294 - parameter_manager - WARNING - Unable to write config to '/home/ing/RICK/RICK_LIVE_CLEAN/rick_clean_live/configs/system_parameters.json': [Errno 13] Permission denied: '/home/ing/RICK/RICK_LIVE_CLEAN/rick_clean_live/configs/system_parameters.json'
2025-11-23 15:26:50,295 - parameter_manager - WARNING - Unable to write config to '/home/ing/RICK/RICK_LIVE_CLEAN/rick_clean_live/configs/system_parameters.json': [Errno 13] Permission denied: '/home/ing/RICK/RICK_LIVE_CLEAN/rick_clean_live/configs/system_parameters.json'
2025-11-23 15:26:50,295 - parameter_manager - WARNING - Unable to write config to '/home/ing/RICK/RICK_LIVE_CLEAN/rick_clean_live/configs/system_parameters.json': [Errno 13] Permission denied: '/home/ing/RICK/RICK_LIVE_CLEAN/rick_clean_live/configs/system_parameters.json'
2025-11-23 15:26:50,295 - parameter_manager - WARNING - Unable to write config to '/home/ing/RICK/RICK_LIVE_CLEAN/rick_clean_live/configs/system_parameters.json': [Errno 13] Permission denied: '/home/ing/RICK/RICK_LIVE_CLEAN/rick_clean_live/configs/system_parameters.json'
2025-11-23 15:26:50,296 - parameter_manager - WARNING - Unable to write config to '/home/ing/RICK/RICK_LIVE_CLEAN/rick_clean_live/configs/system_parameters.json': [Errno 13] Permission denied: '/home/ing/RICK/RICK_LIVE_CLEAN/rick_clean_live/configs/system_parameters.json'
2025-11-23 15:26:50,296 - parameter_manager - WARNING - Unable to write config to '/home/ing/RICK/RICK_LIVE_CLEAN/rick_clean_live/configs/system_parameters.json': [Errno 13] Permission denied: '/home/ing/RICK/RICK_LIVE_CLEAN/rick_clean_live/configs/system_parameters.json'
2025-11-23 15:26:50,296 - parameter_manager - INFO - Parameter 'oanda.environment' changed by initialization: None -> practice
2025-11-23 15:26:50,298 - parameter_manager - INFO - Parameter 'oanda.environment' changed by initialization: None -> practice
2025-11-23 15:26:52,408 - parameter_manager - WARNING - Config directory '/home/ing/RICK/RICK_LIVE_CLEAN/oanda/brokers/../config' does not exist and could not be created; skipping config save.
2025-11-23 15:27:44,077 - parameter_manager - ERROR - Error loading configuration: Expecting value: line 1 column 1 (char 0)
2025-11-23 15:27:52,566 - parameter_manager - ERROR - Error loading configuration: Expecting value: line 1 column 1 (char 0)
2025-11-23 15:29:29,969 - parameter_manager - WARNING - Unable to write config to '/home/ing/RICK/RICK_LIVE_CLEAN/rick_clean_live/configs/system_parameters.json': [Errno 13] Permission denied: '/home/ing/RICK/RICK_LIVE_CLEAN/rick_clean_live/configs/system_parameters.json'
2025-11-23 15:29:29,969 - parameter_manager - WARNING - Unable to write config to '/home/ing/RICK/RICK_LIVE_CLEAN/rick_clean_live/configs/system_parameters.json': [Errno 13] Permission denied: '/home/ing/RICK/RICK_LIVE_CLEAN/rick_clean_live/configs/system_parameters.json'
2025-11-23 15:29:29,969 - parameter_manager - WARNING - Unable to write config to '/home/ing/RICK/RICK_LIVE_CLEAN/rick_clean_live/configs/system_parameters.json': [Errno 13] Permission denied: '/home/ing/RICK/RICK_LIVE_CLEAN/rick_clean_live/configs/system_parameters.json'
2025-11-23 15:29:29,969 - parameter_manager - WARNING - Unable to write config to '/home/ing/RICK/RICK_LIVE_CLEAN/rick_clean_live/configs/system_parameters.json': [Errno 13] Permission denied: '/home/ing/RICK/RICK_LIVE_CLEAN/rick_clean_live/configs/system_parameters.json'
2025-11-23 15:29:29,970 - parameter_manager - WARNING - Unable to write config to '/home/ing/RICK/RICK_LIVE_CLEAN/rick_clean_live/configs/system_parameters.json': [Errno 13] Permission denied: '/home/ing/RICK/RICK_LIVE_CLEAN/rick_clean_live/configs/system_parameters.json'
2025-11-23 15:29:29,970 - parameter_manager - WARNING - Unable to write config to '/home/ing/RICK/RICK_LIVE_CLEAN/rick_clean_live/configs/system_parameters.json': [Errno 13] Permission denied: '/home/ing/RICK/RICK_LIVE_CLEAN/rick_clean_live/configs/system_parameters.json'
2025-11-23 15:29:29,971 - parameter_manager - INFO - Parameter 'oanda.environment' changed by initialization: None -> practice
2025-11-23 15:29:29,973 - parameter_manager - INFO - Parameter 'oanda.environment' changed by initialization: None -> practice
2025-11-23 15:29:32,105 - parameter_manager - WARNING - Config directory '/home/ing/RICK/RICK_LIVE_CLEAN/oanda/brokers/../config' does not exist and could not be created; skipping config save.
2025-11-23 15:31:18,086 - parameter_manager - WARNING - Unable to write config to '/home/ing/RICK/RICK_LIVE_CLEAN/rick_clean_live/configs/system_parameters.json': [Errno 13] Permission denied: '/home/ing/RICK/RICK_LIVE_CLEAN/rick_clean_live/configs/system_parameters.json'
2025-11-23 15:31:18,086 - parameter_manager - WARNING - Unable to write config to '/home/ing/RICK/RICK_LIVE_CLEAN/rick_clean_live/configs/system_parameters.json': [Errno 13] Permission denied: '/home/ing/RICK/RICK_LIVE_CLEAN/rick_clean_live/configs/system_parameters.json'
2025-11-23 15:31:18,086 - parameter_manager - WARNING - Unable to write config to '/home/ing/RICK/RICK_LIVE_CLEAN/rick_clean_live/configs/system_parameters.json': [Errno 13] Permission denied: '/home/ing/RICK/RICK_LIVE_CLEAN/rick_clean_live/configs/system_parameters.json'
2025-11-23 15:31:18,086 - parameter_manager - WARNING - Unable to write config to '/home/ing/RICK/RICK_LIVE_CLEAN/rick_clean_live/configs/system_parameters.json': [Errno 13] Permission denied: '/home/ing/RICK/RICK_LIVE_CLEAN/rick_clean_live/configs/system_parameters.json'
2025-11-23 15:31:18,087 - parameter_manager - WARNING - Unable to write config to '/home/ing/RICK/RICK_LIVE_CLEAN/rick_clean_live/configs/system_parameters.json': [Errno 13] Permission denied: '/home/ing/RICK/RICK_LIVE_CLEAN/rick_clean_live/configs/system_parameters.json'
2025-11-23 15:31:18,087 - parameter_manager - WARNING - Unable to write config to '/home/ing/RICK/RICK_LIVE_CLEAN/rick_clean_live/configs/system_parameters.json': [Errno 13] Permission denied: '/home/ing/RICK/RICK_LIVE_CLEAN/rick_clean_live/configs/system_parameters.json'
2025-11-23 15:31:18,088 - parameter_manager - INFO - Parameter 'oanda.environment' changed by initialization: None -> practice
2025-11-23 15:31:18,089 - parameter_manager - INFO - Parameter 'oanda.environment' changed by initialization: None -> practice
2025-11-23 15:31:20,212 - parameter_manager - WARNING - Config directory '/home/ing/RICK/RICK_LIVE_CLEAN/oanda/brokers/../config' does not exist and could not be created; skipping config save.
2025-11-23 15:33:00,963 - parameter_manager - WARNING - Unable to write config to '/home/ing/RICK/RICK_LIVE_CLEAN/rick_clean_live/configs/system_parameters.json': [Errno 13] Permission denied: '/home/ing/RICK/RICK_LIVE_CLEAN/rick_clean_live/configs/system_parameters.json'
2025-11-23 15:33:00,964 - parameter_manager - WARNING - Unable to write config to '/home/ing/RICK/RICK_LIVE_CLEAN/rick_clean_live/configs/system_parameters.json': [Errno 13] Permission denied: '/home/ing/RICK/RICK_LIVE_CLEAN/rick_clean_live/configs/system_parameters.json'
2025-11-23 15:33:00,964 - parameter_manager - WARNING - Unable to write config to '/home/ing/RICK/RICK_LIVE_CLEAN/rick_clean_live/configs/system_parameters.json': [Errno 13] Permission denied: '/home/ing/RICK/RICK_LIVE_CLEAN/rick_clean_live/configs/system_parameters.json'
2025-11-23 15:33:00,964 - parameter_manager - WARNING - Unable to write config to '/home/ing/RICK/RICK_LIVE_CLEAN/rick_clean_live/configs/system_parameters.json': [Errno 13] Permission denied: '/home/ing/RICK/RICK_LIVE_CLEAN/rick_clean_live/configs/system_parameters.json'
2025-11-23 15:33:00,965 - parameter_manager - WARNING - Unable to write config to '/home/ing/RICK/RICK_LIVE_CLEAN/rick_clean_live/configs/system_parameters.json': [Errno 13] Permission denied: '/home/ing/RICK/RICK_LIVE_CLEAN/rick_clean_live/configs/system_parameters.json'
2025-11-23 15:33:00,965 - parameter_manager - WARNING - Unable to write config to '/home/ing/RICK/RICK_LIVE_CLEAN/rick_clean_live/configs/system_parameters.json': [Errno 13] Permission denied: '/home/ing/RICK/RICK_LIVE_CLEAN/rick_clean_live/configs/system_parameters.json'
2025-11-23 15:33:00,965 - parameter_manager - INFO - Parameter 'oanda.environment' changed by initialization: None -> practice
2025-11-23 15:33:00,967 - parameter_manager - INFO - Parameter 'oanda.environment' changed by initialization: None -> practice
2025-11-23 15:33:03,099 - parameter_manager - WARNING - Config directory '/home/ing/RICK/RICK_LIVE_CLEAN/oanda/brokers/../config' does not exist and could not be created; skipping config save.
2025-11-23 15:34:04,065 - parameter_manager - WARNING - Unable to write config to '/home/ing/RICK/RICK_LIVE_CLEAN/rick_clean_live/configs/system_parameters.json': [Errno 13] Permission denied: '/home/ing/RICK/RICK_LIVE_CLEAN/rick_clean_live/configs/system_parameters.json'
2025-11-23 15:34:04,065 - parameter_manager - WARNING - Unable to write config to '/home/ing/RICK/RICK_LIVE_CLEAN/rick_clean_live/configs/system_parameters.json': [Errno 13] Permission denied: '/home/ing/RICK/RICK_LIVE_CLEAN/rick_clean_live/configs/system_parameters.json'
2025-11-23 15:34:04,065 - parameter_manager - WARNING - Unable to write config to '/home/ing/RICK/RICK_LIVE_CLEAN/rick_clean_live/configs/system_parameters.json': [Errno 13] Permission denied: '/home/ing/RICK/RICK_LIVE_CLEAN/rick_clean_live/configs/system_parameters.json'
2025-11-23 15:34:04,065 - parameter_manager - WARNING - Unable to write config to '/home/ing/RICK/RICK_LIVE_CLEAN/rick_clean_live/configs/system_parameters.json': [Errno 13] Permission denied: '/home/ing/RICK/RICK_LIVE_CLEAN/rick_clean_live/configs/system_parameters.json'
2025-11-23 15:34:04,066 - parameter_manager - WARNING - Unable to write config to '/home/ing/RICK/RICK_LIVE_CLEAN/rick_clean_live/configs/system_parameters.json': [Errno 13] Permission denied: '/home/ing/RICK/RICK_LIVE_CLEAN/rick_clean_live/configs/system_parameters.json'
2025-11-23 15:34:04,066 - parameter_manager - WARNING - Unable to write config to '/home/ing/RICK/RICK_LIVE_CLEAN/rick_clean_live/configs/system_parameters.json': [Errno 13] Permission denied: '/home/ing/RICK/RICK_LIVE_CLEAN/rick_clean_live/configs/system_parameters.json'
2025-11-23 15:34:04,066 - parameter_manager - INFO - Parameter 'oanda.environment' changed by initialization: None -> practice
2025-11-23 15:34:04,068 - parameter_manager - INFO - Parameter 'oanda.environment' changed by initialization: None -> practice
2025-11-23 15:34:06,193 - parameter_manager - WARNING - Config directory '/home/ing/RICK/RICK_LIVE_CLEAN/oanda/brokers/../config' does not exist and could not be created; skipping config save.
2025-11-23 17:41:15,247 - parameter_manager - WARNING - Unable to write config to '/home/ing/RICK/RICK_LIVE_CLEAN/rick_clean_live/configs/system_parameters.json': [Errno 13] Permission denied: '/home/ing/RICK/RICK_LIVE_CLEAN/rick_clean_live/configs/system_parameters.json'
2025-11-23 17:41:15,248 - parameter_manager - WARNING - Unable to write config to '/home/ing/RICK/RICK_LIVE_CLEAN/rick_clean_live/configs/system_parameters.json': [Errno 13] Permission denied: '/home/ing/RICK/RICK_LIVE_CLEAN/rick_clean_live/configs/system_parameters.json'
2025-11-23 17:41:15,248 - parameter_manager - WARNING - Unable to write config to '/home/ing/RICK/RICK_LIVE_CLEAN/rick_clean_live/configs/system_parameters.json': [Errno 13] Permission denied: '/home/ing/RICK/RICK_LIVE_CLEAN/rick_clean_live/configs/system_parameters.json'
2025-11-23 17:41:15,249 - parameter_manager - WARNING - Unable to write config to '/home/ing/RICK/RICK_LIVE_CLEAN/rick_clean_live/configs/system_parameters.json': [Errno 13] Permission denied: '/home/ing/RICK/RICK_LIVE_CLEAN/rick_clean_live/configs/system_parameters.json'
2025-11-23 17:41:15,250 - parameter_manager - WARNING - Unable to write config to '/home/ing/RICK/RICK_LIVE_CLEAN/rick_clean_live/configs/system_parameters.json': [Errno 13] Permission denied: '/home/ing/RICK/RICK_LIVE_CLEAN/rick_clean_live/configs/system_parameters.json'
2025-11-23 17:41:15,250 - parameter_manager - WARNING - Unable to write config to '/home/ing/RICK/RICK_LIVE_CLEAN/rick_clean_live/configs/system_parameters.json': [Errno 13] Permission denied: '/home/ing/RICK/RICK_LIVE_CLEAN/rick_clean_live/configs/system_parameters.json'
2025-11-23 17:41:15,250 - parameter_manager - INFO - Parameter 'oanda.environment' changed by initialization: None -> practice
2025-11-23 17:41:15,251 - parameter_manager - INFO - Parameter 'oanda.practice.token' changed by .env import: None -> REPLACE_ME
2025-11-23 17:41:15,251 - parameter_manager - INFO - Parameter 'oanda.practice.account_id' changed by .env import: None -> REPLACE_ME
2025-11-23 17:41:15,251 - parameter_manager - INFO - Parameter 'oanda.practice.token' locked with value: REPLACE_ME
2025-11-23 17:41:15,251 - parameter_manager - INFO - Parameter 'oanda.practice.account_id' locked with value: REPLACE_ME
2025-11-23 17:41:15,253 - parameter_manager - INFO - Parameter 'oanda.environment' changed by initialization: None -> practice
2025-11-23 17:41:15,253 - parameter_manager - INFO - Parameter 'oanda.practice.token' changed by .env import: None -> REPLACE_ME
2025-11-23 17:41:15,253 - parameter_manager - INFO - Parameter 'oanda.practice.account_id' changed by .env import: None -> REPLACE_ME
2025-11-23 17:41:15,254 - parameter_manager - INFO - Parameter 'oanda.practice.token' locked with value: REPLACE_ME
2025-11-23 17:41:15,254 - parameter_manager - INFO - Parameter 'oanda.practice.account_id' locked with value: REPLACE_ME
2025-11-23 17:41:17,377 - parameter_manager - WARNING - Config directory '/home/ing/RICK/RICK_LIVE_CLEAN/oanda/brokers/../config' does not exist and could not be created; skipping config save.
2025-11-23 17:41:17,377 - parameter_manager - WARNING - Config directory '/home/ing/RICK/RICK_LIVE_CLEAN/oanda/brokers/../config' does not exist and could not be created; skipping config save.
2025-11-23 17:41:17,377 - parameter_manager - WARNING - Config directory '/home/ing/RICK/RICK_LIVE_CLEAN/oanda/brokers/../config' does not exist and could not be created; skipping config save.
2025-11-23 17:41:17,377 - parameter_manager - INFO - Parameter 'oanda.practice.token' locked with value: REPLACE_ME
2025-11-23 17:41:17,377 - parameter_manager - WARNING - Config directory '/home/ing/RICK/RICK_LIVE_CLEAN/oanda/brokers/../config' does not exist and could not be created; skipping config save.
2025-11-23 17:41:17,377 - parameter_manager - INFO - Parameter 'oanda.practice.account_id' locked with value: REPLACE_ME
2025-11-23 17:41:17,377 - parameter_manager - WARNING - Config directory '/home/ing/RICK/RICK_LIVE_CLEAN/oanda/brokers/../config' does not exist and could not be created; skipping config save.
2025-11-23 20:26:52,824 - parameter_manager - INFO - Parameter 'oanda.environment' changed by initialization: None -> practice
