nohup: ignoring input
=== RICK START WITH INTEGRITY (PIN 841921) ===
✓ sitecustomize validated: [2025-12-03T16:02:56.573357Z] ACTION=IMPORT_HOOK_INSTALLED DETAILS= REASON=sitecustomize_runtime_guard
[2025-12-03T16:02:56.581931Z] ACTION=CHARTER_ALIAS_MAPPED DETAILS=MAX_HOLD_TIME_HOURS=6,MIN_RR_RATIO=3.2 REASON=sitecustomize_runtime_guard
/home/ing/RICK/RICK_PHOENIX/runtime_guard/sitecustomize.py
[2025-12-03T16:02:56.614655Z] ACTION=IMPORT_HOOK_INSTALLED DETAILS= REASON=sitecustomize_runtime_guard
[2025-12-03T16:02:56.622808Z] ACTION=CHARTER_ALIAS_MAPPED DETAILS=MAX_HOLD_TIME_HOURS=6,MIN_RR_RATIO=3.2 REASON=sitecustomize_runtime_guard
✅ Integrity check passed
✓ Integrity validated
✓ Credentials loaded
🚀 Starting engine with runtime guards...
[2025-12-03T16:02:56.678509Z] ACTION=IMPORT_HOOK_INSTALLED DETAILS= REASON=sitecustomize_runtime_guard
[2025-12-03T16:02:56.685417Z] ACTION=CHARTER_ALIAS_MAPPED DETAILS=MAX_HOLD_TIME_HOURS=6,MIN_RR_RATIO=3.2 REASON=sitecustomize_runtime_guard
[2025-12-03T16:02:56.801785Z] ACTION=OANDA_MAKE_REQUEST_PATCHED DETAILS= REASON=sitecustomize_runtime_guard
[2025-12-03T16:02:56.801819Z] ACTION=OANDA_GETHISTORICAL_PATCHED DETAILS= REASON=sitecustomize_runtime_guard
[2025-12-03T16:02:56.803641Z] ACTION=TERMINALDISPLAY_PATCHED DETAILS=module=util.terminal_display REASON=sitecustomize_runtime_guard
[H[2J[3J
[95m[1m=== RBOTZILLA Consolidated ===[0m
[94mEnv: practice | PIN: 841921[0m

  • Active Positions    : [37m0[0m
  • Active Positions    : [37m0[0m
  • Active Positions    : [37m0[0m
  • Active Positions    : [37m0[0m
  • Active Positions    : [37m0[0m
  • Active Positions    : [37m0[0m
  • Active Positions    : [37m0[0m
  • Active Positions    : [37m0[0m
  • Active Positions    : [37m0[0m
  • Active Positions    : [37m0[0m
  • Active Positions    : [37m0[0m
  • Active Positions    : [37m0[0m
  • Active Positions    : [37m0[0m
  • Active Positions    : [37m0[0m
  • Active Positions    : [37m0[0m
  • Active Positions    : [37m0[0m
  • Active Positions    : [37m0[0m
  • Active Positions    : [37m0[0m
  • Active Positions    : [37m0[0m
  • Active Positions    : [37m0[0m
  • Active Positions    : [37m0[0m
  • Active Positions    : [37m0[0m
  • Active Positions    : [37m0[0m
  • Active Positions    : [37m0[0m
  • Active Positions    : [37m0[0m
  • Active Positions    : [37m0[0m
  • Active Positions    : [37m0[0m
  • Active Positions    : [37m0[0m
  • Active Positions    : [37m0[0m
  • Active Positions    : [37m0[0m
  • Active Positions    : [37m0[0m
  • Active Positions    : [37m0[0m
  • Active Positions    : [37m0[0m
  • Active Positions    : [37m0[0m
  • Active Positions    : [37m0[0m
  • Active Positions    : [37m0[0m
  • Active Positions    : [37m0[0m
  • Active Positions    : [37m0[0m
  • Active Positions    : [37m0[0m
  • Active Positions    : [37m0[0m
  • Active Positions    : [37m0[0m
  • Active Positions    : [37m0[0m
  • Active Positions    : [37m0[0m
  • Active Positions    : [37m0[0m
  • Active Positions    : [37m0[0m
  • Active Positions    : [37m0[0m
  • Active Positions    : [37m0[0m
  • Active Positions    : [37m0[0m
  • Active Positions    : [37m0[0m
  • Active Positions    : [37m0[0m
  • Active Positions    : [37m0[0m
  • Active Positions    : [37m0[0m
  • Active Positions    : [37m0[0m
  • Active Positions    : [37m0[0m
  • Active Positions    : [37m0[0m
  • Active Positions    : [37m0[0m
  • Active Positions    : [37m0[0m
  • Active Positions    : [37m0[0m
  • Active Positions    : [37m0[0m
  • Active Positions    : [37m0[0m
  • Active Positions    : [37m0[0m
  • Active Positions    : [37m0[0m
  • Active Positions    : [37m0[0m
  • Active Positions    : [37m0[0m
  • Active Positions    : [37m0[0m
  • Active Positions    : [37m0[0m
  • Active Positions    : [37m0[0m
  • Active Positions    : [37m0[0m
  • Active Positions    : [37m0[0m
  • Active Positions    : [37m0[0m
  • Active Positions    : [37m0[0m
  • Active Positions    : [37m0[0m
  • Active Positions    : [37m0[0m
  • Active Positions    : [37m0[0m
  • Active Positions    : [37m0[0m
  • Active Positions    : [37m0[0m
  • Active Positions    : [37m0[0m
  • Active Positions    : [37m0[0m
  • Active Positions    : [37m0[0m
  • Active Positions    : [37m0[0m
  • Active Positions    : [37m0[0m
  • Active Positions    : [37m0[0m
  • Active Positions    : [37m0[0m
  • Active Positions    : [37m0[0m
  • Active Positions    : [37m0[0m
  • Active Positions    : [37m0[0m
  • Active Positions    : [37m0[0m
  • Active Positions    : [37m0[0m
  • Active Positions    : [37m0[0m
  • Active Positions    : [37m0[0m
  • Active Positions    : [37m0[0m
  • Active Positions    : [37m0[0m
  • Active Positions    : [37m0[0m
  • Active Positions    : [37m0[0m
  • Active Positions    : [37m0[0m
  • Active Positions    : [37m0[0m
  • Active Positions    : [37m0[0m
  • Active Positions    : [37m0[0m
  • Active Positions    : [37m0[0m
  • Active Positions    : [37m0[0m
  • Active Positions    : [37m0[0m
  • Active Positions    : [37m0[0m
  • Active Positions    : [37m0[0m
  • Active Positions    : [37m0[0m
  • Active Positions    : [37m0[0m
  • Active Positions    : [37m0[0m
  • Active Positions    : [37m0[0m
  • Active Positions    : [37m0[0m
  • Active Positions    : [37m0[0m
  • Active Positions    : [37m0[0m
  • Active Positions    : [37m0[0m
  • Active Positions    : [37m0[0m
  • Active Positions    : [37m0[0m
  • Active Positions    : [37m0[0m
  • Active Positions    : [37m0[0m
  • Active Positions    : [37m0[0m
  • Active Positions    : [37m0[0m
  • Active Positions    : [37m0[0m
  • Active Positions    : [37m0[0m
  • Active Positions    : [37m0[0m
  • Active Positions    : [37m0[0m
  • Active Positions    : [37m0[0m
  • Active Positions    : [37m0[0m
  • Active Positions    : [37m0[0m
  • Active Positions    : [37m0[0m
  • Active Positions    : [37m0[0m
  • Active Positions    : [37m0[0m
  • Active Positions    : [37m0[0m
  • Active Positions    : [37m0[0m
  • Active Positions    : [37m0[0m
  • Active Positions    : [37m0[0m
  • Active Positions    : [37m0[0m
  • Active Positions    : [37m0[0m
  • Active Positions    : [37m0[0m
  • Active Positions    : [37m0[0m
  • Active Positions    : [37m0[0m
  • Active Positions    : [37m0[0m
  • Active Positions    : [37m0[0m
  • Active Positions    : [37m0[0m
  • Active Positions    : [37m0[0m
  • Active Positions    : [37m0[0m
  • Active Positions    : [37m0[0m
  • Active Positions    : [37m0[0m
  • Active Positions    : [37m0[0m
  • Active Positions    : [37m0[0m
  • Active Positions    : [37m0[0m
  • Active Positions    : [37m0[0m
  • Active Positions    : [37m0[0m
  • Active Positions    : [37m0[0m
  • Active Positions    : [37m0[0m
  • Active Positions    : [37m0[0m
  • Active Positions    : [37m0[0m
  • Active Positions    : [37m0[0m
  • Active Positions    : [37m0[0m
  • Active Positions    : [37m0[0m
  • Active Positions    : [37m0[0m
  • Active Positions    : [37m0[0m
  • Active Positions    : [37m0[0m
  • Active Positions    : [37m0[0m
  • Active Positions    : [37m0[0m
  • Active Positions    : [37m0[0m
  • Active Positions    : [37m0[0m
  • Active Positions    : [37m0[0m
  • Active Positions    : [37m0[0m
  • Active Positions    : [37m0[0m
  • Active Positions    : [37m0[0m
  • Active Positions    : [37m0[0m
  • Active Positions    : [37m0[0m
  • Active Positions    : [37m0[0m
  • Active Positions    : [37m0[0m
  • Active Positions    : [37m0[0m
  • Active Positions    : [37m0[0m
  • Active Positions    : [37m0[0m
  • Active Positions    : [37m0[0m
  • Active Positions    : [37m0[0m
  • Active Positions    : [37m0[0m
  • Active Positions    : [37m0[0m
  • Active Positions    : [37m0[0m
  • Active Positions    : [37m0[0m
  • Active Positions    : [37m0[0m
  • Active Positions    : [37m0[0m
  • Active Positions    : [37m0[0m
  • Active Positions    : [37m0[0m
  • Active Positions    : [37m0[0m
  • Active Positions    : [37m0[0m
  • Active Positions    : [37m0[0m
  • Active Positions    : [37m0[0m
  • Active Positions    : [37m0[0m
  • Active Positions    : [37m0[0m
  • Active Positions    : [37m0[0m
  • Active Positions    : [37m0[0m
  • Active Positions    : [37m0[0m
  • Active Positions    : [37m0[0m
  • Active Positions    : [37m0[0m
  • Active Positions    : [37m0[0m
  • Active Positions    : [37m0[0m
  • Active Positions    : [37m0[0m
  • Active Positions    : [37m0[0m
  • Active Positions    : [37m0[0m
  • Active Positions    : [37m0[0m
  • Active Positions    : [37m0[0m
  • Active Positions    : [37m0[0m
  • Active Positions    : [37m0[0m
  • Active Positions    : [37m0[0m
  • Active Positions    : [37m0[0m
  • Active Positions    : [37m0[0m
  • Active Positions    : [37m0[0m
  • Active Positions    : [37m0[0m
  • Active Positions    : [37m0[0m
  • Active Positions    : [37m0[0m
  • Active Positions    : [37m0[0m
  • Active Positions    : [37m0[0m
  • Active Positions    : [37m0[0m
  • Active Positions    : [37m0[0m
  • Active Positions    : [37m0[0m
  • Active Positions    : [37m0[0m
  • Active Positions    : [37m0[0m
  • Active Positions    : [37m0[0m
  • Active Positions    : [37m0[0m
  • Active Positions    : [37m0[0m
  • Active Positions    : [37m0[0m
  • Active Positions    : [37m0[0m
  • Active Positions    : [37m0[0m
  • Active Positions    : [37m0[0m
  • Active Positions    : [37m0[0m
  • Active Positions    : [37m0[0m
  • Active Positions    : [37m0[0m
  • Active Positions    : [37m0[0m
  • Active Positions    : [37m0[0m
  • Active Positions    : [37m0[0m
  • Active Positions    : [37m0[0m
  • Active Positions    : [37m0[0m
  • Active Positions    : [37m0[0m
  • Active Positions    : [37m0[0m
  • Active Positions    : [37m0[0m
  • Active Positions    : [37m0[0m
  • Active Positions    : [37m0[0m
  • Active Positions    : [37m0[0m
  • Active Positions    : [37m0[0m
  • Active Positions    : [37m0[0m
  • Active Positions    : [37m0[0m
  • Active Positions    : [37m0[0m
  • Active Positions    : [37m0[0m
  • Active Positions    : [37m0[0m
  • Active Positions    : [37m0[0m
  • Active Positions    : [37m0[0m
  • Active Positions    : [37m0[0m
  • Active Positions    : [37m0[0m
  • Active Positions    : [37m0[0m
  • Active Positions    : [37m0[0m
  • Active Positions    : [37m0[0m
  • Active Positions    : [37m0[0m
  • Active Positions    : [37m0[0m
  • Active Positions    : [37m0[0m
  • Active Positions    : [37m0[0m
  • Active Positions    : [37m0[0m
  • Active Positions    : [37m0[0m
  • Active Positions    : [37m0[0m
  • Active Positions    : [37m0[0m
  • Active Positions    : [37m0[0m
  • Active Positions    : [37m0[0m
  • Active Positions    : [37m0[0m
  • Active Positions    : [37m0[0m
  • Active Positions    : [37m0[0m
  • Active Positions    : [37m0[0m
  • Active Positions    : [37m0[0m
  • Active Positions    : [37m0[0m
  • Active Positions    : [37m0[0m
  • Active Positions    : [37m0[0m
  • Active Positions    : [37m0[0m
  • Active Positions    : [37m0[0m
  • Active Positions    : [37m0[0m
  • Active Positions    : [37m0[0m
  • Active Positions    : [37m0[0m
  • Active Positions    : [37m0[0m
  • Active Positions    : [37m0[0m
  • Active Positions    : [37m0[0m
  • Active Positions    : [37m0[0m
  • Active Positions    : [37m0[0m
  • Active Positions    : [37m0[0m
  • Active Positions    : [37m0[0m
  • Active Positions    : [37m0[0m
  • Active Positions    : [37m0[0m
  • Active Positions    : [37m0[0m
  • Active Positions    : [37m0[0m
  • Active Positions    : [37m0[0m
  • Active Positions    : [37m0[0m
  • Active Positions    : [37m0[0m
  • Active Positions    : [37m0[0m
  • Active Positions    : [37m0[0m
  • Active Positions    : [37m0[0m
  • Active Positions    : [37m0[0m
  • Active Positions    : [37m0[0m
  • Active Positions    : [37m0[0m
  • Active Positions    : [37m0[0m
  • Active Positions    : [37m0[0m
  • Active Positions    : [37m0[0m
  • Active Positions    : [37m0[0m
  • Active Positions    : [37m0[0m
  • Active Positions    : [37m0[0m
  • Active Positions    : [37m0[0m
  • Active Positions    : [37m0[0m
  • Active Positions    : [37m0[0m
  • Active Positions    : [37m0[0m
  • Active Positions    : [37m0[0m
  • Active Positions    : [37m0[0m
  • Active Positions    : [37m0[0m
  • Active Positions    : [37m0[0m
  • Active Positions    : [37m0[0m
  • Active Positions    : [37m0[0m
  • Active Positions    : [37m0[0m
  • Active Positions    : [37m0[0m
  • Active Positions    : [37m0[0m
  • Active Positions    : [37m0[0m
  • Active Positions    : [37m0[0m
  • Active Positions    : [37m0[0m
  • Active Positions    : [37m0[0m
  • Active Positions    : [37m0[0m
  • Active Positions    : [37m0[0m
  • Active Positions    : [37m0[0m
  • Active Positions    : [37m0[0m
  • Active Positions    : [37m0[0m
  • Active Positions    : [37m0[0m
  • Active Positions    : [37m0[0m
  • Active Positions    : [37m0[0m
  • Active Positions    : [37m0[0m
  • Active Positions    : [37m0[0m
  • Active Positions    : [37m0[0m
  • Active Positions    : [37m0[0m
  • Active Positions    : [37m0[0m
  • Active Positions    : [37m0[0m
  • Active Positions    : [37m0[0m
  • Active Positions    : [37m0[0m
  • Active Positions    : [37m0[0m
  • Active Positions    : [37m0[0m
  • Active Positions    : [37m0[0m
  • Active Positions    : [37m0[0m
  • Active Positions    : [37m0[0m
  • Active Positions    : [37m0[0m
  • Active Positions    : [37m0[0m
  • Active Positions    : [37m0[0m
  • Active Positions    : [37m0[0m
  • Active Positions    : [37m0[0m
  • Active Positions    : [37m0[0m
  • Active Positions    : [37m0[0m
  • Active Positions    : [37m0[0m
  • Active Positions    : [37m0[0m
  • Active Positions    : [37m0[0m
  • Active Positions    : [37m0[0m
  • Active Positions    : [37m0[0m
  • Active Positions    : [37m0[0m
  • Active Positions    : [37m0[0m
  • Active Positions    : [37m0[0m
  • Active Positions    : [37m0[0m
  • Active Positions    : [37m0[0m
  • Active Positions    : [37m0[0m
  • Active Positions    : [37m0[0m
  • Active Positions    : [37m0[0m
  • Active Positions    : [37m0[0m
  • Active Positions    : [37m0[0m
  • Active Positions    : [37m0[0m
  • Active Positions    : [37m0[0m
  • Active Positions    : [37m0[0m
  • Active Positions    : [37m0[0m
  • Active Positions    : [37m0[0m
  • Active Positions    : [37m0[0m
  • Active Positions    : [37m0[0m
  • Active Positions    : [37m0[0m
  • Active Positions    : [37m0[0m
  • Active Positions    : [37m0[0m
  • Active Positions    : [37m0[0m
  • Active Positions    : [37m0[0m
  • Active Positions    : [37m0[0m
  • Active Positions    : [37m0[0m
  • Active Positions    : [37m0[0m
  • Active Positions    : [37m0[0m
  • Active Positions    : [37m0[0m
  • Active Positions    : [37m0[0m
  • Active Positions    : [37m0[0m
  • Active Positions    : [37m0[0m
  • Active Positions    : [37m0[0m
  • Active Positions    : [37m0[0m
  • Active Positions    : [37m0[0m
  • Active Positions    : [37m0[0m
  • Active Positions    : [37m0[0m
  • Active Positions    : [37m0[0m
  • Active Positions    : [37m0[0m
  • Active Positions    : [37m0[0m
  • Active Positions    : [37m0[0m
  • Active Positions    : [37m0[0m
  • Active Positions    : [37m0[0m
  • Active Positions    : [37m0[0m
  • Active Positions    : [37m0[0m
  • Active Positions    : [37m0[0m
  • Active Positions    : [37m0[0m
  • Active Positions    : [37m0[0m
  • Active Positions    : [37m0[0m
  • Active Positions    : [37m0[0m
  • Active Positions    : [37m0[0m
  • Active Positions    : [37m0[0m
  • Active Positions    : [37m0[0m
  • Active Positions    : [37m0[0m
  • Active Positions    : [37m0[0m
  • Active Positions    : [37m0[0m
  • Active Positions    : [37m0[0m
  • Active Positions    : [37m0[0m
  • Active Positions    : [37m0[0m
  • Active Positions    : [37m0[0m
  • Active Positions    : [37m0[0m
  • Active Positions    : [37m0[0m
  • Active Positions    : [37m0[0m
  • Active Positions    : [37m0[0m
  • Active Positions    : [37m0[0m
  • Active Positions    : [37m0[0m
  • Active Positions    : [37m0[0m
  • Active Positions    : [37m0[0m
  • Active Positions    : [37m0[0m
  • Active Positions    : [37m0[0m
  • Active Positions    : [37m0[0m
  • Active Positions    : [37m0[0m
  • Active Positions    : [37m0[0m
  • Active Positions    : [37m0[0m
  • Active Positions    : [37m0[0m
  • Active Positions    : [37m0[0m
  • Active Positions    : [37m0[0m
  • Active Positions    : [37m0[0m
  • Active Positions    : [37m0[0m
  • Active Positions    : [37m0[0m
  • Active Positions    : [37m0[0m
  • Active Positions    : [37m0[0m
  • Active Positions    : [37m0[0m
  • Active Positions    : [37m0[0m
  • Active Positions    : [37m0[0m
  • Active Positions    : [37m0[0m
  • Active Positions    : [37m0[0m
  • Active Positions    : [37m0[0m
  • Active Positions    : [37m0[0m
  • Active Positions    : [37m0[0m
  • Active Positions    : [37m0[0m
  • Active Positions    : [37m0[0m
  • Active Positions    : [37m0[0m
  • Active Positions    : [37m0[0m
  • Active Positions    : [37m0[0m
  • Active Positions    : [37m0[0m
  • Active Positions    : [37m0[0m
  • Active Positions    : [37m0[0m
  • Active Positions    : [37m0[0m
  • Active Positions    : [37m0[0m
  • Active Positions    : [37m0[0m
  • Active Positions    : [37m0[0m
  • Active Positions    : [37m0[0m
  • Active Positions    : [37m0[0m
  • Active Positions    : [37m0[0m
  • Active Positions    : [37m0[0m
  • Active Positions    : [37m0[0m
  • Active Positions    : [37m0[0m
  • Active Positions    : [37m0[0m
  • Active Positions    : [37m0[0m
  • Active Positions    : [37m0[0m
  • Active Positions    : [37m0[0m
  • Active Positions    : [37m0[0m
  • Active Positions    : [37m0[0m
  • Active Positions    : [37m0[0m
  • Active Positions    : [37m0[0m
  • Active Positions    : [37m0[0m
  • Active Positions    : [37m0[0m
  • Active Positions    : [37m0[0m
  • Active Positions    : [37m0[0m
  • Active Positions    : [37m0[0m
  • Active Positions    : [37m0[0m
  • Active Positions    : [37m0[0m
  • Active Positions    : [37m0[0m
  • Active Positions    : [37m0[0m
  • Active Positions    : [37m0[0m
  • Active Positions    : [37m0[0m
  • Active Positions    : [37m0[0m
  • Active Positions    : [37m0[0m
  • Active Positions    : [37m0[0m
  • Active Positions    : [37m0[0m
  • Active Positions    : [37m0[0m
  • Active Positions    : [37m0[0m
  • Active Positions    : [37m0[0m
  • Active Positions    : [37m0[0m
  • Active Positions    : [37m0[0m
  • Active Positions    : [37m0[0m
  • Active Positions    : [37m0[0m
  • Active Positions    : [37m0[0m
  • Active Positions    : [37m0[0m
  • Active Positions    : [37m0[0m
  • Active Positions    : [37m0[0m
  • Active Positions    : [37m0[0m
  • Active Positions    : [37m0[0m
  • Active Positions    : [37m0[0m
  • Active Positions    : [37m0[0m
  • Active Positions    : [37m0[0m
  • Active Positions    : [37m0[0m
  • Active Positions    : [37m0[0m
  • Active Positions    : [37m0[0m
  • Active Positions    : [37m0[0m
  • Active Positions    : [37m0[0m
  • Active Positions    : [37m0[0m
  • Active Positions    : [37m0[0m
  • Active Positions    : [37m0[0m
  • Active Positions    : [37m0[0m
  • Active Positions    : [37m0[0m
  • Active Positions    : [37m0[0m
  • Active Positions    : [37m0[0m
  • Active Positions    : [37m0[0m
  • Active Positions    : [37m0[0m
  • Active Positions    : [37m0[0m
  • Active Positions    : [37m0[0m
  • Active Positions    : [37m0[0m
  • Active Positions    : [37m0[0m
  • Active Positions    : [37m0[0m
  • Active Positions    : [37m0[0m
  • Active Positions    : [37m0[0m
  • Active Positions    : [37m0[0m
  • Active Positions    : [37m0[0m
  • Active Positions    : [37m0[0m
  • Active Positions    : [37m0[0m
  • Active Positions    : [37m0[0m
  • Active Positions    : [37m0[0m
  • Active Positions    : [37m0[0m
  • Active Positions    : [37m0[0m
  • Active Positions    : [37m0[0m
  • Active Positions    : [37m0[0m
  • Active Positions    : [37m0[0m
  • Active Positions    : [37m0[0m
  • Active Positions    : [37m0[0m
  • Active Positions    : [37m0[0m
  • Active Positions    : [37m0[0m
  • Active Positions    : [37m0[0m
  • Active Positions    : [37m0[0m
  • Active Positions    : [37m0[0m
  • Active Positions    : [37m0[0m
  • Active Positions    : [37m0[0m
  • Active Positions    : [37m0[0m
  • Active Positions    : [37m0[0m
  • Active Positions    : [37m0[0m
  • Active Positions    : [37m0[0m
  • Active Positions    : [37m0[0m
  • Active Positions    : [37m0[0m
  • Active Positions    : [37m0[0m
  • Active Positions    : [37m0[0m
  • Active Positions    : [37m0[0m
  • Active Positions    : [37m0[0m
  • Active Positions    : [37m0[0m
  • Active Positions    : [37m0[0m
  • Active Positions    : [37m0[0m
  • Active Positions    : [37m0[0m
  • Active Positions    : [37m0[0m
  • Active Positions    : [37m0[0m
  • Active Positions    : [37m0[0m
  • Active Positions    : [37m0[0m
  • Active Positions    : [37m0[0m
  • Active Positions    : [37m0[0m
  • Active Positions    : [37m0[0m
  • Active Positions    : [37m0[0m
  • Active Positions    : [37m0[0m
  • Active Positions    : [37m0[0m
  • Active Positions    : [37m0[0m
  • Active Positions    : [37m0[0m
  • Active Positions    : [37m0[0m
  • Active Positions    : [37m0[0m
  • Active Positions    : [37m0[0m
  • Active Positions    : [37m0[0m
  • Active Positions    : [37m0[0m
  • Active Positions    : [37m0[0m
  • Active Positions    : [37m0[0m
  • Active Positions    : [37m0[0m
  • Active Positions    : [37m0[0m
  • Active Positions    : [37m0[0m
  • Active Positions    : [37m0[0m
  • Active Positions    : [37m0[0m
  • Active Positions    : [37m0[0m
  • Active Positions    : [37m0[0m
  • Active Positions    : [37m0[0m
  • Active Positions    : [37m0[0m
  • Active Positions    : [37m0[0m
  • Active Positions    : [37m0[0m
  • Active Positions    : [37m0[0m
  • Active Positions    : [37m0[0m
  • Active Positions    : [37m0[0m
  • Active Positions    : [37m0[0m
  • Active Positions    : [37m0[0m
  • Active Positions    : [37m0[0m
  • Active Positions    : [37m0[0m
  • Active Positions    : [37m0[0m
  • Active Positions    : [37m0[0m
  • Active Positions    : [37m0[0m
  • Active Positions    : [37m0[0m
  • Active Positions    : [37m0[0m
  • Active Positions    : [37m0[0m
  • Active Positions    : [37m0[0m
  • Active Positions    : [37m0[0m
  • Active Positions    : [37m0[0m
  • Active Positions    : [37m0[0m
  • Active Positions    : [37m0[0m
  • Active Positions    : [37m0[0m
  • Active Positions    : [37m0[0m
  • Active Positions    : [37m0[0m
  • Active Positions    : [37m0[0m
  • Active Positions    : [37m0[0m
  • Active Positions    : [37m0[0m
  • Active Positions    : [37m0[0m
  • Active Positions    : [37m0[0m
  • Active Positions    : [37m0[0m
  • Active Positions    : [37m0[0m
  • Active Positions    : [37m0[0m
  • Active Positions    : [37m0[0m
  • Active Positions    : [37m0[0m
  • Active Positions    : [37m0[0m
  • Active Positions    : [37m0[0m
  • Active Positions    : [37m0[0m
  • Active Positions    : [37m0[0m
  • Active Positions    : [37m0[0m
  • Active Positions    : [37m0[0m
  • Active Positions    : [37m0[0m
  • Active Positions    : [37m0[0m
  • Active Positions    : [37m0[0m
  • Active Positions    : [37m0[0m
  • Active Positions    : [37m0[0m
  • Active Positions    : [37m0[0m
  • Active Positions    : [37m0[0m
  • Active Positions    : [37m0[0m
  • Active Positions    : [37m0[0m
  • Active Positions    : [37m0[0m
  • Active Positions    : [37m0[0m
  • Active Positions    : [37m0[0m
  • Active Positions    : [37m0[0m
  • Active Positions    : [37m0[0m
  • Active Positions    : [37m0[0m
  • Active Positions    : [37m0[0m
  • Active Positions    : [37m0[0m
  • Active Positions    : [37m0[0m
  • Active Positions    : [37m0[0m
  • Active Positions    : [37m0[0m
  • Active Positions    : [37m0[0m
  • Active Positions    : [37m0[0m
  • Active Positions    : [37m0[0m
  • Active Positions    : [37m0[0m
  • Active Positions    : [37m0[0m
  • Active Positions    : [37m0[0m
  • Active Positions    : [37m0[0m
  • Active Positions    : [37m0[0m
  • Active Positions    : [37m0[0m
  • Active Positions    : [37m0[0m
  • Active Positions    : [37m0[0m
  • Active Positions    : [37m0[0m
  • Active Positions    : [37m0[0m
  • Active Positions    : [37m0[0m
  • Active Positions    : [37m0[0m
  • Active Positions    : [37m0[0m
  • Active Positions    : [37m0[0m
  • Active Positions    : [37m0[0m
  • Active Positions    : [37m0[0m
  • Active Positions    : [37m0[0m
  • Active Positions    : [37m0[0m
  • Active Positions    : [37m0[0m
  • Active Positions    : [37m0[0m
  • Active Positions    : [37m0[0m
  • Active Positions    : [37m0[0m
  • Active Positions    : [37m0[0m
  • Active Positions    : [37m0[0m
  • Active Positions    : [37m0[0m
  • Active Positions    : [37m0[0m
  • Active Positions    : [37m0[0m
  • Active Positions    : [37m0[0m
  • Active Positions    : [37m0[0m
  • Active Positions    : [37m0[0m
  • Active Positions    : [37m0[0m
  • Active Positions    : [37m0[0m
  • Active Positions    : [37m0[0m
  • Active Positions    : [37m0[0m
  • Active Positions    : [37m0[0m
  • Active Positions    : [37m0[0m
  • Active Positions    : [37m0[0m
  • Active Positions    : [37m0[0m
  • Active Positions    : [37m0[0m
  • Active Positions    : [37m0[0m
  • Active Positions    : [37m0[0m
  • Active Positions    : [37m0[0m
  • Active Positions    : [37m0[0m
  • Active Positions    : [37m0[0m
  • Active Positions    : [37m0[0m
  • Active Positions    : [37m0[0m
  • Active Positions    : [37m0[0m
  • Active Positions    : [37m0[0m
  • Active Positions    : [37m0[0m
  • Active Positions    : [37m0[0m
  • Active Positions    : [37m0[0m
  • Active Positions    : [37m0[0m
  • Active Positions    : [37m0[0m
  • Active Positions    : [37m0[0m
  • Active Positions    : [37m0[0m
  • Active Positions    : [37m0[0m
  • Active Positions    : [37m0[0m
  • Active Positions    : [37m0[0m
  • Active Positions    : [37m0[0m
  • Active Positions    : [37m0[0m
  • Active Positions    : [37m0[0m
  • Active Positions    : [37m0[0m
  • Active Positions    : [37m0[0m
  • Active Positions    : [37m0[0m
  • Active Positions    : [37m0[0m
  • Active Positions    : [37m0[0m
  • Active Positions    : [37m0[0m
  • Active Positions    : [37m0[0m
  • Active Positions    : [37m0[0m
  • Active Positions    : [37m0[0m
  • Active Positions    : [37m0[0m
  • Active Positions    : [37m0[0m
  • Active Positions    : [37m0[0m
  • Active Positions    : [37m0[0m
  • Active Positions    : [37m0[0m
  • Active Positions    : [37m0[0m
  • Active Positions    : [37m0[0m
  • Active Positions    : [37m0[0m
  • Active Positions    : [37m0[0m
  • Active Positions    : [37m0[0m
  • Active Positions    : [37m0[0m
  • Active Positions    : [37m0[0m
  • Active Positions    : [37m0[0m
  • Active Positions    : [37m0[0m
  • Active Positions    : [37m0[0m
  • Active Positions    : [37m0[0m
  • Active Positions    : [37m0[0m
  • Active Positions    : [37m0[0m
  • Active Positions    : [37m0[0m
  • Active Positions    : [37m0[0m
  • Active Positions    : [37m0[0m
  • Active Positions    : [37m0[0m
  • Active Positions    : [37m0[0m
  • Active Positions    : [37m0[0m
  • Active Positions    : [37m0[0m
  • Active Positions    : [37m0[0m
  • Active Positions    : [37m0[0m
  • Active Positions    : [37m0[0m
  • Active Positions    : [37m0[0m
  • Active Positions    : [37m0[0m
  • Active Positions    : [37m0[0m
  • Active Positions    : [37m0[0m
  • Active Positions    : [37m0[0m
  • Active Positions    : [37m0[0m
  • Active Positions    : [37m0[0m
  • Active Positions    : [37m0[0m
  • Active Positions    : [37m0[0m
  • Active Positions    : [37m0[0m
  • Active Positions    : [37m0[0m
  • Active Positions    : [37m0[0m
  • Active Positions    : [37m0[0m
  • Active Positions    : [37m0[0m
  • Active Positions    : [37m0[0m
  • Active Positions    : [37m0[0m
  • Active Positions    : [37m0[0m
  • Active Positions    : [37m0[0m
  • Active Positions    : [37m0[0m
  • Active Positions    : [37m0[0m
  • Active Positions    : [37m0[0m
  • Active Positions    : [37m0[0m
  • Active Positions    : [37m0[0m
  • Active Positions    : [37m0[0m
ERROR:brokers.oanda_connector:OANDA API EXCEPTION (practice): HTTPSConnectionPool(host='api-fxpractice.oanda.com', port=443): Max retries exceeded with url: /v3/accounts/101-001-31210531-002/trades (Caused by NameResolutionError("<urllib3.connection.HTTPSConnection object at 0x75a0ab151640>: Failed to resolve 'api-fxpractice.oanda.com' ([Errno -3] Temporary failure in name resolution)"))
  • Active Positions    : [37m0[0m
  • Active Positions    : [37m0[0m
  • Active Positions    : [37m0[0m
  • Active Positions    : [37m0[0m
  • Active Positions    : [37m0[0m
  • Active Positions    : [37m0[0m
  • Active Positions    : [37m0[0m
  • Active Positions    : [37m0[0m
  • Active Positions    : [37m0[0m
  • Active Positions    : [37m0[0m
  • Active Positions    : [37m0[0m
  • Active Positions    : [37m0[0m
  • Active Positions    : [37m0[0m
  • Active Positions    : [37m0[0m
  • Active Positions    : [37m0[0m
  • Active Positions    : [37m0[0m
  • Active Positions    : [37m0[0m
  • Active Positions    : [37m0[0m
  • Active Positions    : [37m0[0m
  • Active Positions    : [37m0[0m
  • Active Positions    : [37m0[0m
  • Active Positions    : [37m0[0m
  • Active Positions    : [37m0[0m
  • Active Positions    : [37m0[0m
  • Active Positions    : [37m0[0m
  • Active Positions    : [37m0[0m
  • Active Positions    : [37m0[0m
  • Active Positions    : [37m0[0m
  • Active Positions    : [37m0[0m
  • Active Positions    : [37m0[0m
  • Active Positions    : [37m0[0m
  • Active Positions    : [37m0[0m
  • Active Positions    : [37m0[0m
  • Active Positions    : [37m0[0m
./start_with_integrity.sh: line 52: syntax error near unexpected token `)'
